[0/7] Prep...
[1/7] Kill Flask...
  - kill PID 3840 on port 5000
[2/7] Activate venv...
Python 3.12.9
[3/7] Backup DB...
  - backup OK: D:\OWC25\backups\db\app_20250823-171106.db
[4/7] Pytest gate...
..                                                                       [100%]
--------------- generated xml file: D:\OWC25\reports\pytest.xml ---------------
2 passed in 0.80s
  - tests OK
[5/7] Git commit...
 M reports/pytest.xml
 M runlogs/owc_run_20250823-171058.log
?? backups/db/app_20250823-171106.db
?? runlogs/owc_run_20250823-171105.log
warning: in the working copy of 'runlogs/owc_run_20250823-171058.log', LF will be replaced by CRLF the next time Git touches it
warning: in the working copy of 'runlogs/owc_run_20250823-171105.log', LF will be replaced by CRLF the next time Git touches it
 backups/db/app_20250823-171106.db   | Bin 0 -> 20480 bytes
 reports/pytest.xml                  |   2 +-
 runlogs/owc_run_20250823-171058.log |  19 +++++++++++++++++++
 runlogs/owc_run_20250823-171105.log |  17 +++++++++++++++++
 4 files changed, 37 insertions(+), 1 deletion(-)
[main ddc77bd] auto: tests passed - commit
 4 files changed, 37 insertions(+), 1 deletion(-)
 create mode 100644 backups/db/app_20250823-171106.db
 create mode 100644 runlogs/owc_run_20250823-171105.log
  - commit OK: auto: tests passed - commit
[6/7] Commit done. Preparing to start Flask...
[7/7] Starting Flask (Ctrl+C to stop)...
  - http://127.0.0.1:5000
