[0/7] Prep...
[1/7] Kill Flask...
  - kill by port: PID 12300 on 5000
  - PS sweep done.
[2/7] Activate venv...
Python 3.12.9
[3/7] Backup DB...
  - backup OK: D:\OWC25\backups\db\app_20250824-124419.db
[4/7] Pytest gate...
..                                                                       [100%]
--------------- generated xml file: D:\OWC25\reports\pytest.xml ---------------
2 passed in 1.09s
  - tests OK
[5/7] Git commit...
 M reports/pytest.xml
 M runlogs/owc_run_20250823-171501.log
?? backups/db/app_20250824-124419.db
?? runlogs/owc_run_20250824-124416.log
warning: in the working copy of 'runlogs/owc_run_20250823-171501.log', LF will be replaced by CRLF the next time Git touches it
warning: in the working copy of 'runlogs/owc_run_20250824-124416.log', LF will be replaced by CRLF the next time Git touches it
 backups/db/app_20250824-124419.db   | Bin 0 -> 20480 bytes
 reports/pytest.xml                  |   2 +-
 runlogs/owc_run_20250823-171501.log |  17 +++++++++++++++++
 runlogs/owc_run_20250824-124416.log |  18 ++++++++++++++++++
 4 files changed, 36 insertions(+), 1 deletion(-)
[main 58e6935] auto: tests passed - commit
 4 files changed, 36 insertions(+), 1 deletion(-)
 create mode 100644 backups/db/app_20250824-124419.db
 create mode 100644 runlogs/owc_run_20250824-124416.log
  - commit OK: auto: tests passed - commit
[6/7] Commit done. Preparing to start Flask...
[7/7] Starting Flask (Ctrl+C to stop)...
  - http://127.0.0.1:5000
'add' is not recognized as an internal or external command,
operable program or batch file.
'diff' is not recognized as an internal or external command,
operable program or batch file.
'commit' is not recognized as an internal or external command,
operable program or batch file.
[FAIL] git commit failed. See log for details.
[7/7] Starting Flask (Ctrl+C to stop)...
  - http://127.0.0.1:5000
