[0/7] Prep...
[1/7] Kill Flask...
  - kill by port: PID 19776 on 5000
  - PS sweep done.
[2/7] Activate venv...
Python 3.12.9
[3/7] Backup DB...
  - backup OK: D:\OWC25\backups\db\app_20250824-124739.db
[4/7] Pytest gate...
..                                                                       [100%]
--------------- generated xml file: D:\OWC25\reports\pytest.xml ---------------
2 passed in 0.84s
  - tests OK
[5/7] Git commit...
 M flask.bat
 M reports/pytest.xml
 M runlogs/owc_run_20250824-124416.log
?? backups/db/app_20250824-124739.db
?? runlogs/git_cached_20250824-124416.txt
?? runlogs/git_status_20250824-124737.txt
?? runlogs/owc_run_20250824-124737.log
