[0/7] Prep...
[1/7] Kill Flask...
  - PS sweep done.
[2/7] Activate venv...
Python 3.12.9
[3/7] Backup DB...
  - backup OK: D:\OWC25\backups\db\app_20250824-131251.db
[4/7] Pytest gate...
..                                                                       [100%]
--------------- generated xml file: D:\OWC25\reports\pytest.xml ---------------
2 passed in 0.90s
  - tests OK
[5/7] Git commit...
 M app/static/css/style.css
 M app/templates/contact.html
 M reports/pytest.xml
 M runlogs/owc_run_20250824-130125.log
?? backups/db/app_20250824-131148.db
?? backups/db/app_20250824-131251.db
?? runlogs/git_cached_20250824-130125.txt
?? runlogs/git_status_20250824-131249.txt
?? runlogs/owc_run_20250824-131146.log
?? runlogs/owc_run_20250824-131249.log
warning: in the working copy of 'runlogs/owc_run_20250824-130125.log', LF will be replaced by CRLF the next time Git touches it
warning: in the working copy of 'runlogs/git_cached_20250824-130125.txt', LF will be replaced by CRLF the next time Git touches it
warning: in the working copy of 'runlogs/git_status_20250824-131249.txt', LF will be replaced by CRLF the next time Git touches it
warning: in the working copy of 'runlogs/owc_run_20250824-131249.log', LF will be replaced by CRLF the next time Git touches it
M	app/static/css/style.css
M	app/templates/contact.html
A	backups/db/app_20250824-131148.db
A	backups/db/app_20250824-131251.db
M	reports/pytest.xml
A	runlogs/git_cached_20250824-130125.txt
A	runlogs/git_status_20250824-131249.txt
M	runlogs/owc_run_20250824-130125.log
A	runlogs/owc_run_20250824-131146.log
A	runlogs/owc_run_20250824-131249.log
[main 1812977] auto: tests passed - commit
 10 files changed, 208 insertions(+), 7 deletions(-)
 create mode 100644 backups/db/app_20250824-131148.db
 create mode 100644 backups/db/app_20250824-131251.db
 create mode 100644 runlogs/git_cached_20250824-130125.txt
 create mode 100644 runlogs/git_status_20250824-131249.txt
 create mode 100644 runlogs/owc_run_20250824-131146.log
 create mode 100644 runlogs/owc_run_20250824-131249.log
  - commit OK: auto: tests passed - commit (#)
[6/7] Git push...
https://github.com/PR1MKO/owc.git
To https://github.com/PR1MKO/owc.git
   2e668da..1812977  HEAD -> main
  - push OK to origin/main
[6/7] Commit (and push) done. Preparing to start Flask...
[7/7] Starting Flask (Ctrl+C to stop)...
  - http://127.0.0.1:5000
[7/7] Flask exited.
